--- Deployment started at Thu Sep 25 02:46:36 PM CEST 2025 ---
Pulling latest changes from master...
Already up to date.
Running cache clearing and rebuilding scripts...
Deployment finished successfully.
----------------------------------------
--- Deployment started at Thu Sep 25 08:53:28 PM CEST 2025 ---
Pulling latest changes from master...
From gitlab.com:slimfit-center/sfc-crm
   baf1d5e9..b0f3b2aa  master     -> origin/master
Updating baf1d5e9..b0f3b2aa
Fast-forward
 custom/Espo/Modules/Vanko/Controllers/VankoApi.php | 71 ++++++++++++++++++++++
 custom/Espo/Modules/Vanko/Resources/routes.json    |  8 +++
 .../Vanko/Services/CampaignAssignmentService.php   |  1 +
 3 files changed, 80 insertions(+)
Running cache clearing and rebuilding scripts...
Deployment finished successfully.
----------------------------------------
--- Deployment started at Sat Sep 27 12:10:11 PM CEST 2025 ---
Pulling latest changes from master...
From gitlab.com:slimfit-center/sfc-crm
   b0f3b2aa..a5aa49a8  master     -> origin/master
 * [new branch]        Sync-To-Vanko-After-Round-Robbin -> origin/Sync-To-Vanko-After-Round-Robbin
Updating b0f3b2aa..a5aa49a8
Fast-forward
 .../Espo/Custom/Hooks/CBodyScan/BeforSaveHook.php  | 30 ++++++++++++++++++++++
 .../Custom/Services/GroupAssignmentService.php     | 25 +++++++++++++-----
 2 files changed, 48 insertions(+), 7 deletions(-)
 create mode 100644 custom/Espo/Custom/Hooks/CBodyScan/BeforSaveHook.php
Running cache clearing and rebuilding scripts...
Deployment finished successfully.
----------------------------------------
--- Deployment started at Sat Sep 27 12:13:49 PM CEST 2025 ---
Pulling latest changes from master...
From gitlab.com:slimfit-center/sfc-crm
   a5aa49a8..934385e3  master     -> origin/master
Updating a5aa49a8..934385e3
Fast-forward
 custom/Espo/Custom/Hooks/{CBodyScan => CBodyscan}/BeforSaveHook.php | 0
 1 file changed, 0 insertions(+), 0 deletions(-)
 rename custom/Espo/Custom/Hooks/{CBodyScan => CBodyscan}/BeforSaveHook.php (100%)
Running cache clearing and rebuilding scripts...
Deployment finished successfully.
----------------------------------------
--- Deployment started at Sat Sep 27 12:55:49 PM CEST 2025 ---
Pulling latest changes from master...
From gitlab.com:slimfit-center/sfc-crm
   934385e3..afe4ca18  master     -> origin/master
Updating 934385e3..afe4ca18
Fast-forward
 .../Espo/Custom/Hooks/CBodyscan/{BeforSaveHook.php => BeforeSaveHook.php} | 0
 1 file changed, 0 insertions(+), 0 deletions(-)
 rename custom/Espo/Custom/Hooks/CBodyscan/{BeforSaveHook.php => BeforeSaveHook.php} (100%)
Running cache clearing and rebuilding scripts...
Deployment finished successfully.
----------------------------------------
--- Starting automated Git push for EspoCRM upgrade on 2025-09-28 05:00:01 ---
Adding all untracked and modified files...
